<?xml version="1.0" encoding="UTF-8"?>
<!-- Generated by org.testng.reporters.JUnitXMLReporter -->
<testsuite hostname="DESKTOP-ESR4EG4" name="Personal Loan" tests="6" failures="0" timestamp="24 May 2021 14:39:55 GMT" time="0.073" errors="0">
  <testcase name="demo1" time="0.011" classname="test.NewTest"/>
  <testcase name="demo2" time="0.009" classname="test.NewTest"/>
  <testcase name="demo3" time="0.002" classname="test.NewTest2"/>
  <testcase name="APIloginCarLoan" time="0.003" classname="test.NewTest3"/>
  <testcase name="MobileloginCarLoan" time="0.002" classname="test.NewTest3"/>
  <testcase name="WebloginCarLoan" time="0.003" classname="test.NewTest3"/>
</testsuite> <!-- Personal Loan -->
