<?xml version="1.0" encoding="UTF-8"?>
<testng-results skipped="0" failed="0" total="9" passed="9">
  <reporter-output>
  </reporter-output>
  <suite name="Loan Department" duration-ms="124" started-at="2021-05-24T14:39:54Z" finished-at="2021-05-24T14:39:55Z">
    <groups>
    </groups>
    <test name="Personal Loan" duration-ms="73" started-at="2021-05-24T14:39:54Z" finished-at="2021-05-24T14:39:55Z">
      <class name="test.NewTest">
        <test-method status="PASS" signature="demo1()[pri:0, instance:test.NewTest@32e6e9c3]" name="demo1" duration-ms="11" started-at="2021-05-24T20:09:55Z" finished-at="2021-05-24T20:09:55Z">
          <reporter-output>
          </reporter-output>
        </test-method> <!-- demo1 -->
        <test-method status="PASS" signature="demo2()[pri:0, instance:test.NewTest@32e6e9c3]" name="demo2" duration-ms="9" started-at="2021-05-24T20:09:55Z" finished-at="2021-05-24T20:09:55Z">
          <reporter-output>
          </reporter-output>
        </test-method> <!-- demo2 -->
      </class> <!-- test.NewTest -->
      <class name="test.NewTest3">
        <test-method status="PASS" signature="APIloginCarLoan()[pri:0, instance:test.NewTest3@2344fc66]" name="APIloginCarLoan" duration-ms="3" started-at="2021-05-24T20:09:55Z" finished-at="2021-05-24T20:09:55Z">
          <reporter-output>
          </reporter-output>
        </test-method> <!-- APIloginCarLoan -->
        <test-method status="PASS" signature="MobileloginCarLoan()[pri:0, instance:test.NewTest3@2344fc66]" name="MobileloginCarLoan" duration-ms="2" started-at="2021-05-24T20:09:55Z" finished-at="2021-05-24T20:09:55Z">
          <reporter-output>
          </reporter-output>
        </test-method> <!-- MobileloginCarLoan -->
        <test-method status="PASS" signature="WebloginCarLoan()[pri:0, instance:test.NewTest3@2344fc66]" name="WebloginCarLoan" duration-ms="3" started-at="2021-05-24T20:09:55Z" finished-at="2021-05-24T20:09:55Z">
          <reporter-output>
          </reporter-output>
        </test-method> <!-- WebloginCarLoan -->
      </class> <!-- test.NewTest3 -->
      <class name="test.NewTest2">
        <test-method status="PASS" signature="demo3()[pri:0, instance:test.NewTest2@2669b199]" name="demo3" duration-ms="2" started-at="2021-05-24T20:09:55Z" finished-at="2021-05-24T20:09:55Z">
          <reporter-output>
          </reporter-output>
        </test-method> <!-- demo3 -->
      </class> <!-- test.NewTest2 -->
    </test> <!-- Personal Loan -->
    <test name="Home Loan" duration-ms="17" started-at="2021-05-24T14:39:55Z" finished-at="2021-05-24T14:39:55Z">
      <class name="test.NewTest4">
        <test-method status="PASS" signature="APIloginHomeLoan()[pri:0, instance:test.NewTest4@5d5eef3d]" name="APIloginHomeLoan" duration-ms="2" started-at="2021-05-24T20:09:55Z" finished-at="2021-05-24T20:09:55Z">
          <reporter-output>
          </reporter-output>
        </test-method> <!-- APIloginHomeLoan -->
        <test-method status="PASS" signature="MobileloginHomeLoan()[pri:0, instance:test.NewTest4@5d5eef3d]" name="MobileloginHomeLoan" duration-ms="2" started-at="2021-05-24T20:09:55Z" finished-at="2021-05-24T20:09:55Z">
          <reporter-output>
          </reporter-output>
        </test-method> <!-- MobileloginHomeLoan -->
        <test-method status="PASS" signature="WebloginHomeLoan()[pri:0, instance:test.NewTest4@5d5eef3d]" name="WebloginHomeLoan" duration-ms="3" started-at="2021-05-24T20:09:55Z" finished-at="2021-05-24T20:09:55Z">
          <reporter-output>
          </reporter-output>
        </test-method> <!-- WebloginHomeLoan -->
      </class> <!-- test.NewTest4 -->
    </test> <!-- Home Loan -->
  </suite> <!-- Loan Department -->
</testng-results>
